# JRE version: OpenJDK Runtime Environment (11.0.11+9) (build 11.0.11+9-b60-7590822)
# Java VM: OpenJDK 64-Bit Server VM (11.0.11+9-b60-7590822, mixed mode, tiered, compressed oops, g1 gc, windows-amd64)
Heap:
 garbage-first heap   total 262144K, used 66889K [0x0000000701200000, 0x0000000800000000)
  region size 1024K, 46 young (47104K), 2 survivors (2048K)
 Metaspace       used 44867K, capacity 45345K, committed 45596K, reserved 1089536K
  class space    used 5333K, capacity 5543K, committed 5580K, reserved 1048576K
GC Heap History (8 events):
Event: 0.645 GC heap before
{Heap before GC invocations=0 (full 0):
 garbage-first heap   total 262144K, used 17408K [0x0000000701200000, 0x0000000800000000)
  region size 1024K, 14 young (14336K), 0 survivors (0K)
 Metaspace       used 9714K, capacity 9778K, committed 9856K, reserved 1058816K
  class space    used 826K, capacity 853K, committed 896K, reserved 1048576K
}
Event: 0.649 GC heap after
{Heap after GC invocations=1 (full 0):
 garbage-first heap   total 262144K, used 5352K [0x0000000701200000, 0x0000000800000000)
  region size 1024K, 2 young (2048K), 2 survivors (2048K)
 Metaspace       used 9714K, capacity 9778K, committed 9856K, reserved 1058816K
  class space    used 826K, capacity 853K, committed 896K, reserved 1048576K
}
Event: 1.587 GC heap before
{Heap before GC invocations=1 (full 0):
 garbage-first heap   total 262144K, used 51432K [0x0000000701200000, 0x0000000800000000)
  region size 1024K, 48 young (49152K), 2 survivors (2048K)
 Metaspace       used 20866K, capacity 21086K, committed 21296K, reserved 1069056K
  class space    used 2220K, capacity 2312K, committed 2432K, reserved 1048576K
}
Event: 1.598 GC heap after
{Heap after GC invocations=2 (full 0):
 garbage-first heap   total 262144K, used 9360K [0x0000000701200000, 0x0000000800000000)
  region size 1024K, 6 young (6144K), 6 survivors (6144K)
 Metaspace       used 20866K, capacity 21086K, committed 21296K, reserved 1069056K
  class space    used 2220K, capacity 2312K, committed 2432K, reserved 1048576K
}
Event: 2.784 GC heap before
{Heap before GC invocations=3 (full 0):
 garbage-first heap   total 262144K, used 60560K [0x0000000701200000, 0x0000000800000000)
  region size 1024K, 52 young (53248K), 6 survivors (6144K)
 Metaspace       used 31871K, capacity 32282K, committed 32560K, reserved 1077248K
  class space    used 4004K, capacity 4182K, committed 4224K, reserved 1048576K
}
Event: 2.796 GC heap after
{Heap after GC invocations=4 (full 0):
 garbage-first heap   total 262144K, used 21072K [0x0000000701200000, 0x0000000800000000)
  region size 1024K, 7 young (7168K), 7 survivors (7168K)
 Metaspace       used 31871K, capacity 32282K, committed 32560K, reserved 1077248K
  class space    used 4004K, capacity 4182K, committed 4224K, reserved 1048576K
}
Event: 3.097 GC heap before
{Heap before GC invocations=4 (full 0):
 garbage-first heap   total 262144K, used 36432K [0x0000000701200000, 0x0000000800000000)
  region size 1024K, 23 young (23552K), 7 survivors (7168K)
 Metaspace       used 35377K, capacity 35847K, committed 35920K, reserved 1081344K
  class space    used 4401K, capacity 4603K, committed 4608K, reserved 1048576K
}
Event: 3.103 GC heap after
{Heap after GC invocations=5 (full 0):
 garbage-first heap   total 262144K, used 22857K [0x0000000701200000, 0x0000000800000000)
  region size 1024K, 2 young (2048K), 2 survivors (2048K)
 Metaspace       used 35377K, capacity 35847K, committed 35920K, reserved 1081344K
  class space    used 4401K, capacity 4603K, committed 4608K, reserved 1048576K
}

