# JRE version: OpenJDK Runtime Environment (11.0.11+9) (build 11.0.11+9-b60-7590822)
# Java VM: OpenJDK 64-Bit Server VM (11.0.11+9-b60-7590822, mixed mode, tiered, compressed oops, g1 gc, windows-amd64)
Heap:
 garbage-first heap   total 262144K, used 172904K [0x0000000080000000, 0x0000000100000000)
  region size 1024K, 67 young (68608K), 6 survivors (6144K)
 Metaspace       used 114357K, capacity 116736K, committed 116820K, reserved 1150976K
  class space    used 13899K, capacity 14773K, committed 14848K, reserved 1048576K
GC Heap History (20 events):
Event: 22.237 GC heap before
{Heap before GC invocations=17 (full 0):
 garbage-first heap   total 262144K, used 180876K [0x0000000080000000, 0x0000000100000000)
  region size 1024K, 117 young (119808K), 15 survivors (15360K)
 Metaspace       used 88432K, capacity 90585K, committed 90836K, reserved 1128448K
  class space    used 11355K, capacity 12148K, committed 12160K, reserved 1048576K
}
Event: 22.256 GC heap after
{Heap after GC invocations=18 (full 0):
 garbage-first heap   total 262144K, used 87552K [0x0000000080000000, 0x0000000100000000)
  region size 1024K, 10 young (10240K), 10 survivors (10240K)
 Metaspace       used 88432K, capacity 90585K, committed 90836K, reserved 1128448K
  class space    used 11355K, capacity 12148K, committed 12160K, reserved 1048576K
}
Event: 24.998 GC heap before
{Heap before GC invocations=18 (full 0):
 garbage-first heap   total 262144K, used 199168K [0x0000000080000000, 0x0000000100000000)
  region size 1024K, 109 young (111616K), 10 survivors (10240K)
 Metaspace       used 90131K, capacity 92261K, committed 92372K, reserved 1130496K
  class space    used 11488K, capacity 12322K, committed 12416K, reserved 1048576K
}
Event: 25.021 GC heap after
{Heap after GC invocations=19 (full 0):
 garbage-first heap   total 262144K, used 110592K [0x0000000080000000, 0x0000000100000000)
  region size 1024K, 14 young (14336K), 14 survivors (14336K)
 Metaspace       used 90131K, capacity 92261K, committed 92372K, reserved 1130496K
  class space    used 11488K, capacity 12322K, committed 12416K, reserved 1048576K
}
Event: 26.426 GC heap before
{Heap before GC invocations=19 (full 0):
 garbage-first heap   total 262144K, used 192512K [0x0000000080000000, 0x0000000100000000)
  region size 1024K, 94 young (96256K), 14 survivors (14336K)
 Metaspace       used 92756K, capacity 94852K, committed 95188K, reserved 1132544K
  class space    used 11779K, capacity 12587K, committed 12672K, reserved 1048576K
}
Event: 26.442 GC heap after
{Heap after GC invocations=20 (full 0):
 garbage-first heap   total 262144K, used 114176K [0x0000000080000000, 0x0000000100000000)
  region size 1024K, 3 young (3072K), 3 survivors (3072K)
 Metaspace       used 92756K, capacity 94852K, committed 95188K, reserved 1132544K
  class space    used 11779K, capacity 12587K, committed 12672K, reserved 1048576K
}
Event: 26.590 GC heap before
{Heap before GC invocations=20 (full 0):
 garbage-first heap   total 262144K, used 126464K [0x0000000080000000, 0x0000000100000000)
  region size 1024K, 13 young (13312K), 3 survivors (3072K)
 Metaspace       used 92855K, capacity 94986K, committed 95188K, reserved 1132544K
  class space    used 11787K, capacity 12589K, committed 12672K, reserved 1048576K
}
Event: 26.598 GC heap after
{Heap after GC invocations=21 (full 0):
 garbage-first heap   total 262144K, used 119405K [0x0000000080000000, 0x0000000100000000)
  region size 1024K, 6 young (6144K), 6 survivors (6144K)
 Metaspace       used 92855K, capacity 94986K, committed 95188K, reserved 1132544K
  class space    used 11787K, capacity 12589K, committed 12672K, reserved 1048576K
}
Event: 28.199 GC heap before
{Heap before GC invocations=22 (full 0):
 garbage-first heap   total 262144K, used 212589K [0x0000000080000000, 0x0000000100000000)
  region size 1024K, 87 young (89088K), 6 survivors (6144K)
 Metaspace       used 97694K, capacity 99739K, committed 100180K, reserved 1136640K
  class space    used 12148K, capacity 12934K, committed 13056K, reserved 1048576K
}
Event: 28.206 GC heap after
{Heap after GC invocations=23 (full 0):
 garbage-first heap   total 262144K, used 115966K [0x0000000080000000, 0x0000000100000000)
  region size 1024K, 6 young (6144K), 6 survivors (6144K)
 Metaspace       used 97694K, capacity 99739K, committed 100180K, reserved 1136640K
  class space    used 12148K, capacity 12934K, committed 13056K, reserved 1048576K
}
Event: 30.577 GC heap before
{Heap before GC invocations=23 (full 0):
 garbage-first heap   total 262144K, used 203006K [0x0000000080000000, 0x0000000100000000)
  region size 1024K, 92 young (94208K), 6 survivors (6144K)
 Metaspace       used 98940K, capacity 101107K, committed 101332K, reserved 1138688K
  class space    used 12267K, capacity 13096K, committed 13184K, reserved 1048576K
}
Event: 30.583 GC heap after
{Heap after GC invocations=24 (full 0):
 garbage-first heap   total 262144K, used 115633K [0x0000000080000000, 0x0000000100000000)
  region size 1024K, 5 young (5120K), 5 survivors (5120K)
 Metaspace       used 98940K, capacity 101107K, committed 101332K, reserved 1138688K
  class space    used 12267K, capacity 13096K, committed 13184K, reserved 1048576K
}
Event: 33.169 GC heap before
{Heap before GC invocations=24 (full 0):
 garbage-first heap   total 262144K, used 205745K [0x0000000080000000, 0x0000000100000000)
  region size 1024K, 94 young (96256K), 5 survivors (5120K)
 Metaspace       used 99924K, capacity 102016K, committed 102100K, reserved 1138688K
  class space    used 12361K, capacity 13171K, committed 13184K, reserved 1048576K
}
Event: 33.180 GC heap after
{Heap after GC invocations=25 (full 0):
 garbage-first heap   total 262144K, used 122330K [0x0000000080000000, 0x0000000100000000)
  region size 1024K, 12 young (12288K), 12 survivors (12288K)
 Metaspace       used 99924K, capacity 102016K, committed 102100K, reserved 1138688K
  class space    used 12361K, capacity 13171K, committed 13184K, reserved 1048576K
}
Event: 36.645 GC heap before
{Heap before GC invocations=25 (full 0):
 garbage-first heap   total 262144K, used 208346K [0x0000000080000000, 0x0000000100000000)
  region size 1024K, 97 young (99328K), 12 survivors (12288K)
 Metaspace       used 104113K, capacity 106306K, committed 106580K, reserved 1142784K
  class space    used 12890K, capacity 13710K, committed 13824K, reserved 1048576K
}
Event: 36.658 GC heap after
{Heap after GC invocations=26 (full 0):
 garbage-first heap   total 262144K, used 126257K [0x0000000080000000, 0x0000000100000000)
  region size 1024K, 7 young (7168K), 7 survivors (7168K)
 Metaspace       used 104113K, capacity 106306K, committed 106580K, reserved 1142784K
  class space    used 12890K, capacity 13710K, committed 13824K, reserved 1048576K
}
Event: 47.404 GC heap before
{Heap before GC invocations=26 (full 0):
 garbage-first heap   total 262144K, used 210225K [0x0000000080000000, 0x0000000100000000)
  region size 1024K, 90 young (92160K), 7 survivors (7168K)
 Metaspace       used 107387K, capacity 109630K, committed 109780K, reserved 1144832K
  class space    used 13244K, capacity 14115K, committed 14208K, reserved 1048576K
}
Event: 47.419 GC heap after
{Heap after GC invocations=27 (full 0):
 garbage-first heap   total 262144K, used 131225K [0x0000000080000000, 0x0000000100000000)
  region size 1024K, 12 young (12288K), 12 survivors (12288K)
 Metaspace       used 107387K, capacity 109630K, committed 109780K, reserved 1144832K
  class space    used 13244K, capacity 14115K, committed 14208K, reserved 1048576K
}
Event: 97.827 GC heap before
{Heap before GC invocations=28 (full 0):
 garbage-first heap   total 262144K, used 191641K [0x0000000080000000, 0x0000000100000000)
  region size 1024K, 92 young (94208K), 12 survivors (12288K)
 Metaspace       used 113685K, capacity 116055K, committed 116308K, reserved 1150976K
  class space    used 13891K, capacity 14758K, committed 14848K, reserved 1048576K
}
Event: 97.839 GC heap after
{Heap after GC invocations=29 (full 0):
 garbage-first heap   total 262144K, used 112488K [0x0000000080000000, 0x0000000100000000)
  region size 1024K, 6 young (6144K), 6 survivors (6144K)
 Metaspace       used 113685K, capacity 116055K, committed 116308K, reserved 1150976K
  class space    used 13891K, capacity 14758K, committed 14848K, reserved 1048576K
}

