# JRE version: OpenJDK Runtime Environment (11.0.11+9) (build 11.0.11+9-b60-7590822)
# Java VM: OpenJDK 64-Bit Server VM (11.0.11+9-b60-7590822, mixed mode, tiered, compressed oops, g1 gc, windows-amd64)
Heap:
 garbage-first heap   total 315392K, used 38765K [0x0000000701200000, 0x0000000800000000)
  region size 1024K, 11 young (11264K), 11 survivors (11264K)
 Metaspace       used 53317K, capacity 53942K, committed 54172K, reserved 1097728K
  class space    used 6110K, capacity 6372K, committed 6476K, reserved 1048576K
GC Heap History (11 events):
Event: 0.471 GC heap before
{Heap before GC invocations=0 (full 0):
 garbage-first heap   total 262144K, used 17408K [0x0000000701200000, 0x0000000800000000)
  region size 1024K, 14 young (14336K), 0 survivors (0K)
 Metaspace       used 9703K, capacity 9778K, committed 9856K, reserved 1058816K
  class space    used 826K, capacity 853K, committed 896K, reserved 1048576K
}
Event: 0.473 GC heap after
{Heap after GC invocations=1 (full 0):
 garbage-first heap   total 262144K, used 5466K [0x0000000701200000, 0x0000000800000000)
  region size 1024K, 2 young (2048K), 2 survivors (2048K)
 Metaspace       used 9703K, capacity 9778K, committed 9856K, reserved 1058816K
  class space    used 826K, capacity 853K, committed 896K, reserved 1048576K
}
Event: 1.289 GC heap before
{Heap before GC invocations=1 (full 0):
 garbage-first heap   total 262144K, used 51546K [0x0000000701200000, 0x0000000800000000)
  region size 1024K, 48 young (49152K), 2 survivors (2048K)
 Metaspace       used 20880K, capacity 21086K, committed 21296K, reserved 1069056K
  class space    used 2220K, capacity 2312K, committed 2432K, reserved 1048576K
}
Event: 1.295 GC heap after
{Heap after GC invocations=2 (full 0):
 garbage-first heap   total 262144K, used 9348K [0x0000000701200000, 0x0000000800000000)
  region size 1024K, 6 young (6144K), 6 survivors (6144K)
 Metaspace       used 20880K, capacity 21086K, committed 21296K, reserved 1069056K
  class space    used 2220K, capacity 2312K, committed 2432K, reserved 1048576K
}
Event: 2.271 GC heap before
{Heap before GC invocations=3 (full 0):
 garbage-first heap   total 262144K, used 59524K [0x0000000701200000, 0x0000000800000000)
  region size 1024K, 51 young (52224K), 6 survivors (6144K)
 Metaspace       used 31608K, capacity 32055K, committed 32304K, reserved 1077248K
  class space    used 3973K, capacity 4149K, committed 4224K, reserved 1048576K
}
Event: 2.282 GC heap after
{Heap after GC invocations=4 (full 0):
 garbage-first heap   total 262144K, used 20913K [0x0000000701200000, 0x0000000800000000)
  region size 1024K, 7 young (7168K), 7 survivors (7168K)
 Metaspace       used 31608K, capacity 32055K, committed 32304K, reserved 1077248K
  class space    used 3973K, capacity 4149K, committed 4224K, reserved 1048576K
}
Event: 2.566 GC heap before
{Heap before GC invocations=4 (full 0):
 garbage-first heap   total 262144K, used 37297K [0x0000000701200000, 0x0000000800000000)
  region size 1024K, 24 young (24576K), 7 survivors (7168K)
 Metaspace       used 35439K, capacity 35847K, committed 35920K, reserved 1081344K
  class space    used 4411K, capacity 4603K, committed 4608K, reserved 1048576K
}
Event: 2.573 GC heap after
{Heap after GC invocations=5 (full 0):
 garbage-first heap   total 262144K, used 22497K [0x0000000701200000, 0x0000000800000000)
  region size 1024K, 2 young (2048K), 2 survivors (2048K)
 Metaspace       used 35439K, capacity 35847K, committed 35920K, reserved 1081344K
  class space    used 4411K, capacity 4603K, committed 4608K, reserved 1048576K
}
Event: 3.796 GC heap before
{Heap before GC invocations=6 (full 0):
 garbage-first heap   total 262144K, used 83937K [0x0000000701200000, 0x0000000800000000)
  region size 1024K, 62 young (63488K), 2 survivors (2048K)
 Metaspace       used 47952K, capacity 48512K, committed 48796K, reserved 1091584K
  class space    used 5663K, capacity 5892K, committed 5964K, reserved 1048576K
}
Event: 3.813 GC heap after
{Heap after GC invocations=7 (full 0):
 garbage-first heap   total 262144K, used 28434K [0x0000000701200000, 0x0000000800000000)
  region size 1024K, 8 young (8192K), 8 survivors (8192K)
 Metaspace       used 47952K, capacity 48512K, committed 48796K, reserved 1091584K
  class space    used 5663K, capacity 5892K, committed 5964K, reserved 1048576K
}
Event: 5.332 GC heap before
{Heap before GC invocations=8 (full 0):
 garbage-first heap   total 262144K, used 106258K [0x0000000701200000, 0x0000000800000000)
  region size 1024K, 83 young (84992K), 8 survivors (8192K)
 Metaspace       used 53317K, capacity 53942K, committed 54172K, reserved 1097728K
  class space    used 6110K, capacity 6372K, committed 6476K, reserved 1048576K
}

